<?xml version="1.0" encoding="UTF-8"?>
<!-- Generated by org.testng.reporters.JUnitXMLReporter -->
<testsuite ignored="2" hostname="m" failures="0" tests="2" name="Command line test" time="2.37" errors="0" timestamp="2026-01-16T11:40:57 EET">
  <testcase classname="com.company.api.Test.GetUserTest" name="getUser" time="0.721"/>
  <testcase classname="com.company.api.Test.PostPetTest" name="postPet" time="1.424"/>
  <testcase classname="com.company.api.Test.BaseTest.BaseTest" name="@BeforeTest setup" time="0.0">
    <ignored/>
  </testcase> <!-- @BeforeTest setup -->
  <testcase classname="com.company.api.Test.BaseTest.BaseTest" name="@BeforeTest setup" time="0.0">
    <ignored/>
  </testcase> <!-- @BeforeTest setup -->
</testsuite> <!-- Command line test -->
