<?xml version="1.0" encoding="UTF-8"?>
<testng-results ignored="0" total="16" passed="16" failed="0" skipped="0">
  <reporter-output>
  </reporter-output>
  <suite started-at="2026-01-16T13:56:57 EET" name="RegressionSuite" finished-at="2026-01-16T13:57:00 EET" duration-ms="2349">
    <groups>
    </groups>
    <test started-at="2026-01-16T13:56:57 EET" name="Regression" finished-at="2026-01-16T13:57:00 EET" duration-ms="2349">
      <class name="com.company.api.Test.PostPetTest">
        <test-method signature="postPet()[pri:0, instance:com.company.api.Test.PostPetTest@5d7148e2]" started-at="2026-01-16T13:56:58 EET" name="postPet" finished-at="2026-01-16T13:57:00 EET" duration-ms="1372" status="PASS">
          <reporter-output>
          </reporter-output>
        </test-method> <!-- postPet -->
        <test-method is-config="true" signature="tearDown()[pri:0, instance:com.company.api.Test.PostPetTest@5d7148e2]" started-at="2026-01-16T13:57:00 EET" name="tearDown" finished-at="2026-01-16T13:57:00 EET" duration-ms="1" status="PASS">
          <reporter-output>
          </reporter-output>
        </test-method> <!-- tearDown -->
      </class> <!-- com.company.api.Test.PostPetTest -->
      <class name="com.company.api.Test.GetUserTest">
        <test-method is-config="true" signature="setup()[pri:0, instance:com.company.api.Test.GetUserTest@18d87d80]" started-at="2026-01-16T13:56:57 EET" name="setup" finished-at="2026-01-16T13:56:57 EET" duration-ms="8" status="PASS">
          <reporter-output>
          </reporter-output>
        </test-method> <!-- setup -->
        <test-method signature="getUser(java.lang.Integer,java.lang.String)[pri:0, instance:com.company.api.Test.GetUserTest@18d87d80]" started-at="2026-01-16T13:56:57 EET" name="getUser" data-provider="getUsersProviderMethod" finished-at="2026-01-16T13:56:58 EET" duration-ms="827" status="PASS">
          <params>
            <param index="0">
              <value>
                <![CDATA[3]]>
              </value>
            </param>
            <param index="1">
              <value>
                <![CDATA[Sonia]]>
              </value>
            </param>
          </params>
          <reporter-output>
          </reporter-output>
        </test-method> <!-- getUser -->
        <test-method signature="getUser(java.lang.Integer,java.lang.String)[pri:0, instance:com.company.api.Test.GetUserTest@18d87d80]" started-at="2026-01-16T13:56:57 EET" name="getUser" data-provider="getUsersProviderMethod" finished-at="2026-01-16T13:56:58 EET" duration-ms="827" status="PASS">
          <params>
            <param index="0">
              <value>
                <![CDATA[2]]>
              </value>
            </param>
            <param index="1">
              <value>
                <![CDATA[John]]>
              </value>
            </param>
          </params>
          <reporter-output>
          </reporter-output>
        </test-method> <!-- getUser -->
        <test-method signature="getUser(java.lang.Integer,java.lang.String)[pri:0, instance:com.company.api.Test.GetUserTest@18d87d80]" started-at="2026-01-16T13:56:57 EET" name="getUser" data-provider="getUsersProviderMethod" finished-at="2026-01-16T13:56:58 EET" duration-ms="827" status="PASS">
          <params>
            <param index="0">
              <value>
                <![CDATA[1]]>
              </value>
            </param>
            <param index="1">
              <value>
                <![CDATA[Lore]]>
              </value>
            </param>
          </params>
          <reporter-output>
          </reporter-output>
        </test-method> <!-- getUser -->
        <test-method signature="getUser2(java.lang.Integer,java.lang.String)[pri:0, instance:com.company.api.Test.GetUserTest@18d87d80]" started-at="2026-01-16T13:56:58 EET" name="getUser2" data-provider="getUsersProviderMethod" finished-at="2026-01-16T13:56:58 EET" duration-ms="24" status="PASS">
          <params>
            <param index="0">
              <value>
                <![CDATA[3]]>
              </value>
            </param>
            <param index="1">
              <value>
                <![CDATA[Sonia]]>
              </value>
            </param>
          </params>
          <reporter-output>
          </reporter-output>
        </test-method> <!-- getUser2 -->
        <test-method signature="getUser2(java.lang.Integer,java.lang.String)[pri:0, instance:com.company.api.Test.GetUserTest@18d87d80]" started-at="2026-01-16T13:56:58 EET" name="getUser2" data-provider="getUsersProviderMethod" finished-at="2026-01-16T13:56:58 EET" duration-ms="20" status="PASS">
          <params>
            <param index="0">
              <value>
                <![CDATA[1]]>
              </value>
            </param>
            <param index="1">
              <value>
                <![CDATA[Lore]]>
              </value>
            </param>
          </params>
          <reporter-output>
          </reporter-output>
        </test-method> <!-- getUser2 -->
        <test-method signature="getUser2(java.lang.Integer,java.lang.String)[pri:0, instance:com.company.api.Test.GetUserTest@18d87d80]" started-at="2026-01-16T13:56:58 EET" name="getUser2" data-provider="getUsersProviderMethod" finished-at="2026-01-16T13:56:58 EET" duration-ms="20" status="PASS">
          <params>
            <param index="0">
              <value>
                <![CDATA[2]]>
              </value>
            </param>
            <param index="1">
              <value>
                <![CDATA[John]]>
              </value>
            </param>
          </params>
          <reporter-output>
          </reporter-output>
        </test-method> <!-- getUser2 -->
        <test-method signature="getUser3(java.lang.Integer,java.lang.String)[pri:0, instance:com.company.api.Test.GetUserTest@18d87d80]" started-at="2026-01-16T13:56:58 EET" name="getUser3" data-provider="getUsersProviderMethod" finished-at="2026-01-16T13:56:58 EET" duration-ms="19" status="PASS">
          <params>
            <param index="0">
              <value>
                <![CDATA[2]]>
              </value>
            </param>
            <param index="1">
              <value>
                <![CDATA[John]]>
              </value>
            </param>
          </params>
          <reporter-output>
          </reporter-output>
        </test-method> <!-- getUser3 -->
        <test-method signature="getUser3(java.lang.Integer,java.lang.String)[pri:0, instance:com.company.api.Test.GetUserTest@18d87d80]" started-at="2026-01-16T13:56:58 EET" name="getUser3" data-provider="getUsersProviderMethod" finished-at="2026-01-16T13:56:58 EET" duration-ms="19" status="PASS">
          <params>
            <param index="0">
              <value>
                <![CDATA[1]]>
              </value>
            </param>
            <param index="1">
              <value>
                <![CDATA[Lore]]>
              </value>
            </param>
          </params>
          <reporter-output>
          </reporter-output>
        </test-method> <!-- getUser3 -->
        <test-method signature="getUser3(java.lang.Integer,java.lang.String)[pri:0, instance:com.company.api.Test.GetUserTest@18d87d80]" started-at="2026-01-16T13:56:58 EET" name="getUser3" data-provider="getUsersProviderMethod" finished-at="2026-01-16T13:56:58 EET" duration-ms="18" status="PASS">
          <params>
            <param index="0">
              <value>
                <![CDATA[3]]>
              </value>
            </param>
            <param index="1">
              <value>
                <![CDATA[Sonia]]>
              </value>
            </param>
          </params>
          <reporter-output>
          </reporter-output>
        </test-method> <!-- getUser3 -->
        <test-method signature="getUser4(java.lang.Integer,java.lang.String)[pri:0, instance:com.company.api.Test.GetUserTest@18d87d80]" started-at="2026-01-16T13:56:58 EET" name="getUser4" data-provider="getUsersProviderMethod" finished-at="2026-01-16T13:56:58 EET" duration-ms="15" status="PASS">
          <params>
            <param index="0">
              <value>
                <![CDATA[1]]>
              </value>
            </param>
            <param index="1">
              <value>
                <![CDATA[Lore]]>
              </value>
            </param>
          </params>
          <reporter-output>
          </reporter-output>
        </test-method> <!-- getUser4 -->
        <test-method signature="getUser4(java.lang.Integer,java.lang.String)[pri:0, instance:com.company.api.Test.GetUserTest@18d87d80]" started-at="2026-01-16T13:56:58 EET" name="getUser4" data-provider="getUsersProviderMethod" finished-at="2026-01-16T13:56:58 EET" duration-ms="15" status="PASS">
          <params>
            <param index="0">
              <value>
                <![CDATA[3]]>
              </value>
            </param>
            <param index="1">
              <value>
                <![CDATA[Sonia]]>
              </value>
            </param>
          </params>
          <reporter-output>
          </reporter-output>
        </test-method> <!-- getUser4 -->
        <test-method signature="getUser4(java.lang.Integer,java.lang.String)[pri:0, instance:com.company.api.Test.GetUserTest@18d87d80]" started-at="2026-01-16T13:56:58 EET" name="getUser4" data-provider="getUsersProviderMethod" finished-at="2026-01-16T13:56:58 EET" duration-ms="18" status="PASS">
          <params>
            <param index="0">
              <value>
                <![CDATA[2]]>
              </value>
            </param>
            <param index="1">
              <value>
                <![CDATA[John]]>
              </value>
            </param>
          </params>
          <reporter-output>
          </reporter-output>
        </test-method> <!-- getUser4 -->
        <test-method signature="getUser5(java.lang.Integer,java.lang.String)[pri:0, instance:com.company.api.Test.GetUserTest@18d87d80]" started-at="2026-01-16T13:56:58 EET" name="getUser5" data-provider="getUsersProviderMethod" finished-at="2026-01-16T13:56:58 EET" duration-ms="15" status="PASS">
          <params>
            <param index="0">
              <value>
                <![CDATA[1]]>
              </value>
            </param>
            <param index="1">
              <value>
                <![CDATA[Lore]]>
              </value>
            </param>
          </params>
          <reporter-output>
          </reporter-output>
        </test-method> <!-- getUser5 -->
        <test-method signature="getUser5(java.lang.Integer,java.lang.String)[pri:0, instance:com.company.api.Test.GetUserTest@18d87d80]" started-at="2026-01-16T13:56:58 EET" name="getUser5" data-provider="getUsersProviderMethod" finished-at="2026-01-16T13:56:58 EET" duration-ms="15" status="PASS">
          <params>
            <param index="0">
              <value>
                <![CDATA[3]]>
              </value>
            </param>
            <param index="1">
              <value>
                <![CDATA[Sonia]]>
              </value>
            </param>
          </params>
          <reporter-output>
          </reporter-output>
        </test-method> <!-- getUser5 -->
        <test-method signature="getUser5(java.lang.Integer,java.lang.String)[pri:0, instance:com.company.api.Test.GetUserTest@18d87d80]" started-at="2026-01-16T13:56:58 EET" name="getUser5" data-provider="getUsersProviderMethod" finished-at="2026-01-16T13:56:58 EET" duration-ms="16" status="PASS">
          <params>
            <param index="0">
              <value>
                <![CDATA[2]]>
              </value>
            </param>
            <param index="1">
              <value>
                <![CDATA[John]]>
              </value>
            </param>
          </params>
          <reporter-output>
          </reporter-output>
        </test-method> <!-- getUser5 -->
        <test-method is-config="true" signature="tearDown()[pri:0, instance:com.company.api.Test.GetUserTest@18d87d80]" started-at="2026-01-16T13:56:58 EET" name="tearDown" finished-at="2026-01-16T13:56:58 EET" duration-ms="0" status="PASS">
          <reporter-output>
          </reporter-output>
        </test-method> <!-- tearDown -->
      </class> <!-- com.company.api.Test.GetUserTest -->
    </test> <!-- Regression -->
  </suite> <!-- RegressionSuite -->
</testng-results>
