<?xml version="1.0" encoding="UTF-8"?>
<testsuite xmlns:xsi="http://www.w3.org/2001/XMLSchema-instance" xsi:noNamespaceSchemaLocation="https://maven.apache.org/surefire/maven-surefire-plugin/xsd/surefire-test-report-3.0.xsd" version="3.0" name="TestSuite" time="2.666" tests="16" errors="0" skipped="0" failures="0">
  <properties>
[...]
</properties>
  <testcase name="getUser[2, John](3)" classname="com.company.api.Test.GetUserTest" time="0.857">
    <system-out><![CDATA[[TESTNG] Suite started: RegressionSuite[THREAD]TestNG-tests-1
[TESTING] Test started: getUser[THREAD]TestNG-PoolService-3
[TESTING] Test started: getUser[THREAD]TestNG-PoolService-2
[TESTING] Test started: getUser[THREAD]TestNG-PoolService-1
{
    "id": 3,
    "name": "Sonia",
    "age": 0
}
{
    "id": 1,
    "name": "Lore",
    "age": 34
}
{
    "id": 2,
    "name": "John",
    "age": 34
}
]]></system-out>
    <system-err><![CDATA[SLF4J: Failed to load class "org.slf4j.impl.StaticLoggerBinder".
SLF4J: Defaulting to no-operation (NOP) logger implementation
SLF4J: See http://www.slf4j.org/codes.html#StaticLoggerBinder for further details.
]]></system-err>
  </testcase>
  <testcase name="getUser[3, Sonia](3)" classname="com.company.api.Test.GetUserTest" time="0.857"/>
  <testcase name="getUser[1, Lore](3)" classname="com.company.api.Test.GetUserTest" time="0.858"/>
  <testcase name="getUser2[2, John](2)" classname="com.company.api.Test.GetUserTest" time="0.022">
    <system-out><![CDATA[[PASS] getUser[THREAD]TestNG-PoolService-3
[PASS] getUser[THREAD]TestNG-PoolService-2
[PASS] getUser[THREAD]TestNG-PoolService-1
[TESTING] Test started: getUser2[THREAD]TestNG-PoolService-1
[TESTING] Test started: getUser2[THREAD]TestNG-PoolService-2
[TESTING] Test started: getUser2[THREAD]TestNG-PoolService-3
{
    "id": 1,
    "name": "Lore",
    "age": 34
}
{
    "id": 2,
    "name": "John",
    "age": 34
}
]]></system-out>
  </testcase>
  <testcase name="getUser2[1, Lore](2)" classname="com.company.api.Test.GetUserTest" time="0.022"/>
  <testcase name="getUser2[3, Sonia](3)" classname="com.company.api.Test.GetUserTest" time="0.026">
    <system-out><![CDATA[[PASS] getUser2[THREAD]TestNG-PoolService-1
[PASS] getUser2[THREAD]TestNG-PoolService-2
{
    "id": 3,
    "name": "Sonia",
    "age": 0
}
]]></system-out>
  </testcase>
  <testcase name="getUser3[1, Lore](3)" classname="com.company.api.Test.GetUserTest" time="0.019">
    <system-out><![CDATA[[PASS] getUser2[THREAD]TestNG-PoolService-3
[TESTING] Test started: getUser3[THREAD]TestNG-PoolService-1
[TESTING] Test started: getUser3[THREAD]TestNG-PoolService-2
[TESTING] Test started: getUser3[THREAD]TestNG-PoolService-3
{
    "id": 1,
    "name": "Lore",
    "age": 34
}
{
    "id": 2,
    "name": "John",
    "age": 34
}
{
    "id": 3,
    "name": "Sonia",
    "age": 0
}
]]></system-out>
  </testcase>
  <testcase name="getUser3[2, John](3)" classname="com.company.api.Test.GetUserTest" time="0.019"/>
  <testcase name="getUser3[3, Sonia](3)" classname="com.company.api.Test.GetUserTest" time="0.019"/>
  <testcase name="getUser4[3, Sonia](2)" classname="com.company.api.Test.GetUserTest" time="0.015">
    <system-out><![CDATA[[PASS] getUser3[THREAD]TestNG-PoolService-2
[PASS] getUser3[THREAD]TestNG-PoolService-1
[PASS] getUser3[THREAD]TestNG-PoolService-3
[TESTING] Test started: getUser4[THREAD]TestNG-PoolService-1
[TESTING] Test started: getUser4[THREAD]TestNG-PoolService-2
[TESTING] Test started: getUser4[THREAD]TestNG-PoolService-3
{
    "id": 1,
    "name": "Lore",
    "age": 34
}
{
    "id": 3,
    "name": "Sonia",
    "age": 0
}
]]></system-out>
  </testcase>
  <testcase name="getUser4[1, Lore](2)" classname="com.company.api.Test.GetUserTest" time="0.016"/>
  <testcase name="getUser4[2, John](3)" classname="com.company.api.Test.GetUserTest" time="0.019">
    <system-out><![CDATA[[PASS] getUser4[THREAD]TestNG-PoolService-3
[PASS] getUser4[THREAD]TestNG-PoolService-1
{
    "id": 2,
    "name": "John",
    "age": 34
}
]]></system-out>
  </testcase>
  <testcase name="getUser5[1, Lore](3)" classname="com.company.api.Test.GetUserTest" time="0.015">
    <system-out><![CDATA[[PASS] getUser4[THREAD]TestNG-PoolService-2
[TESTING] Test started: getUser5[THREAD]TestNG-PoolService-1
[TESTING] Test started: getUser5[THREAD]TestNG-PoolService-2
[TESTING] Test started: getUser5[THREAD]TestNG-PoolService-3
{
    "id": 1,
    "name": "Lore",
    "age": 34
}
{
    "id": 3,
    "name": "Sonia",
    "age": 0
}
{
    "id": 2,
    "name": "John",
    "age": 34
}
]]></system-out>
  </testcase>
  <testcase name="getUser5[2, John](3)" classname="com.company.api.Test.GetUserTest" time="0.016"/>
  <testcase name="getUser5[3, Sonia](3)" classname="com.company.api.Test.GetUserTest" time="0.016">
    <system-out><![CDATA[[PASS] getUser5[THREAD]TestNG-PoolService-1
[PASS] getUser5[THREAD]TestNG-PoolService-2
]]></system-out>
  </testcase>
  <testcase name="postPet" classname="com.company.api.Test.PostPetTest" time="1.372">
    <system-out><![CDATA[[PASS] getUser5[THREAD]TestNG-PoolService-3
[TESTING] Test started: postPet[THREAD]TestNG-tests-1
{
    "id": 1,
    "category": {
        "id": 1,
        "name": "Dog"
    },
    "name": "Max",
    "photoUrls": [
        "category string"
    ],
    "tags": [
        {
            "id": 1,
            "name": "tag string"
        }
    ],
    "status": "true"
}
{
    "id": 1,
    "category": {
        "id": 1,
        "name": "Dog"
    },
    "name": "Max",
    "photoUrls": [
        "category string"
    ],
    "tags": [
        {
            "id": 1,
            "name": "tag string"
        }
    ],
    "status": "true"
}
]]></system-out>
  </testcase>
</testsuite>