<?xml version="1.0" encoding="UTF-8"?>
<!-- Generated by org.testng.reporters.JUnitXMLReporter -->
<testsuite ignored="1" hostname="m" failures="0" tests="16" name="Regression" time="2.349" errors="0" timestamp="2026-01-16T13:57:00 EET">
  <testcase classname="com.company.api.Test.GetUserTest" name="getUser" time="0.827"/>
  <testcase classname="com.company.api.Test.GetUserTest" name="getUser" time="0.827"/>
  <testcase classname="com.company.api.Test.GetUserTest" name="getUser" time="0.827"/>
  <testcase classname="com.company.api.Test.GetUserTest" name="getUser2" time="0.02"/>
  <testcase classname="com.company.api.Test.GetUserTest" name="getUser2" time="0.02"/>
  <testcase classname="com.company.api.Test.GetUserTest" name="getUser2" time="0.024"/>
  <testcase classname="com.company.api.Test.GetUserTest" name="getUser3" time="0.019"/>
  <testcase classname="com.company.api.Test.GetUserTest" name="getUser3" time="0.019"/>
  <testcase classname="com.company.api.Test.GetUserTest" name="getUser3" time="0.018"/>
  <testcase classname="com.company.api.Test.GetUserTest" name="getUser4" time="0.015"/>
  <testcase classname="com.company.api.Test.GetUserTest" name="getUser4" time="0.015"/>
  <testcase classname="com.company.api.Test.GetUserTest" name="getUser4" time="0.018"/>
  <testcase classname="com.company.api.Test.GetUserTest" name="getUser5" time="0.015"/>
  <testcase classname="com.company.api.Test.GetUserTest" name="getUser5" time="0.016"/>
  <testcase classname="com.company.api.Test.GetUserTest" name="getUser5" time="0.015"/>
  <testcase classname="com.company.api.Test.PostPetTest" name="postPet" time="1.372"/>
  <testcase classname="com.company.api.Test.BaseTest.BaseTest" name="@BeforeTest setup" time="0.0">
    <ignored/>
  </testcase> <!-- @BeforeTest setup -->
</testsuite> <!-- Regression -->
