<?xml version="1.0" encoding="UTF-8"?>
<!-- Generated by org.testng.reporters.JUnitXMLReporter -->
<testsuite ignored="1" hostname="m" failures="0" tests="10" name="Regression" time="2.206" errors="0" timestamp="2026-01-16T12:59:10 EET">
  <testcase classname="com.company.api.Test.GetUserTest" name="getUser" time="0.603"/>
  <testcase classname="com.company.api.Test.GetUserTest" name="getUser" time="0.603"/>
  <testcase classname="com.company.api.Test.GetUserTest" name="getUser" time="0.603"/>
  <testcase classname="com.company.api.Test.GetUserTest" name="getUser2" time="0.02"/>
  <testcase classname="com.company.api.Test.GetUserTest" name="getUser2" time="0.022"/>
  <testcase classname="com.company.api.Test.GetUserTest" name="getUser2" time="0.021"/>
  <testcase classname="com.company.api.Test.GetUserTest" name="getUser3" time="0.019"/>
  <testcase classname="com.company.api.Test.GetUserTest" name="getUser3" time="0.019"/>
  <testcase classname="com.company.api.Test.GetUserTest" name="getUser3" time="0.019"/>
  <testcase classname="com.company.api.Test.PostPetTest" name="postPet" time="1.336"/>
  <testcase classname="com.company.api.Test.BaseTest.BaseTest" name="@BeforeTest setup" time="0.0">
    <ignored/>
  </testcase> <!-- @BeforeTest setup -->
</testsuite> <!-- Regression -->
