<?xml version="1.0" encoding="UTF-8"?>
<!-- Generated by org.testng.reporters.JUnitReportReporter -->
<testsuite hostname="m" failures="0" tests="15" name="com.company.api.Test.GetUserTest" time="2.695" errors="0" timestamp="2026-01-16T13:57:00 EET" skipped="0">
  <testcase classname="com.company.api.Test.GetUserTest" name="getUser3" time="0.019"/>
  <testcase classname="com.company.api.Test.GetUserTest" name="getUser4" time="0.015"/>
  <testcase classname="com.company.api.Test.GetUserTest" name="getUser3" time="0.019"/>
  <testcase classname="com.company.api.Test.GetUserTest" name="getUser3" time="0.018"/>
  <testcase classname="com.company.api.Test.GetUserTest" name="getUser" time="0.827"/>
  <testcase classname="com.company.api.Test.GetUserTest" name="getUser4" time="0.015"/>
  <testcase classname="com.company.api.Test.GetUserTest" name="getUser5" time="0.015"/>
  <testcase classname="com.company.api.Test.GetUserTest" name="getUser" time="0.827"/>
  <testcase classname="com.company.api.Test.GetUserTest" name="getUser4" time="0.018"/>
  <testcase classname="com.company.api.Test.GetUserTest" name="getUser" time="0.827"/>
  <testcase classname="com.company.api.Test.GetUserTest" name="getUser2" time="0.024"/>
  <testcase classname="com.company.api.Test.GetUserTest" name="getUser5" time="0.015"/>
  <testcase classname="com.company.api.Test.GetUserTest" name="getUser2" time="0.020"/>
  <testcase classname="com.company.api.Test.GetUserTest" name="getUser5" time="0.016"/>
  <testcase classname="com.company.api.Test.GetUserTest" name="getUser2" time="0.020"/>
</testsuite> <!-- com.company.api.Test.GetUserTest -->
